2024-12-27 10:52:29,441 - DEBUG - Starting new HTTPS connection (1): api.github.com:443
2024-12-27 10:52:29,888 - DEBUG - https://api.github.com:443 "POST /app/installations/58506253/access_tokens HTTP/1.1" 201 217
2024-12-27 10:52:29,898 - DEBUG - Starting new HTTPS connection (1): api.github.com:443
2024-12-27 10:52:30,461 - DEBUG - https://api.github.com:443 "POST /repos/albinJoseph1/lgbt-test/pulls HTTP/1.1" 422 269
2024-12-27 10:52:30,462 - ERROR - Failed to create pull request for remove-agent-TeachFirst: 422 - {'message': 'Validation Failed', 'errors': [{'resource': 'PullRequest', 'code': 'custom', 'message': 'A pull request already exists for albinJoseph1:remove-agent-TeachFirst.'}], 'documentation_url': 'https://docs.github.com/rest/pulls/pulls#create-a-pull-request', 'status': '422'}
2024-12-27 11:13:38,734 - DEBUG - Starting new HTTPS connection (1): api.github.com:443
2024-12-27 11:13:39,215 - DEBUG - https://api.github.com:443 "POST /app/installations/58506253/access_tokens HTTP/1.1" 201 217
2024-12-27 11:13:39,230 - INFO - Branch already exists: remove-agent-TeachFirst
2024-12-27 11:13:39,233 - DEBUG - Starting new HTTPS connection (1): api.github.com:443
2024-12-27 11:13:39,869 - DEBUG - https://api.github.com:443 "POST /repos/albinJoseph1/lgbt-test/pulls HTTP/1.1" 422 269
2024-12-27 11:13:39,870 - ERROR - Failed to create pull request for remove-agent-TeachFirst: 422 - {'message': 'Validation Failed', 'errors': [{'resource': 'PullRequest', 'code': 'custom', 'message': 'A pull request already exists for albinJoseph1:remove-agent-TeachFirst.'}], 'documentation_url': 'https://docs.github.com/rest/pulls/pulls#create-a-pull-request', 'status': '422'}
2024-12-27 11:14:34,069 - DEBUG - Starting new HTTPS connection (1): api.github.com:443
2024-12-27 11:14:34,511 - DEBUG - https://api.github.com:443 "POST /app/installations/58506253/access_tokens HTTP/1.1" 201 217
2024-12-27 11:14:42,259 - INFO - Branch already exists: remove-agent-TeachFirst
2024-12-27 11:15:00,047 - DEBUG - Starting new HTTPS connection (1): api.github.com:443
2024-12-27 11:15:00,693 - DEBUG - https://api.github.com:443 "POST /repos/albinJoseph1/lgbt-test/pulls HTTP/1.1" 422 269
2024-12-27 11:15:14,476 - ERROR - Failed to create pull request for remove-agent-TeachFirst: 422 - {'message': 'Validation Failed', 'errors': [{'resource': 'PullRequest', 'code': 'custom', 'message': 'A pull request already exists for albinJoseph1:remove-agent-TeachFirst.'}], 'documentation_url': 'https://docs.github.com/rest/pulls/pulls#create-a-pull-request', 'status': '422'}
2024-12-27 11:32:57,475 - DEBUG - Starting new HTTPS connection (1): api.github.com:443
2024-12-27 11:32:57,948 - DEBUG - https://api.github.com:443 "POST /app/installations/58506253/access_tokens HTTP/1.1" 201 217
2024-12-27 11:33:03,254 - INFO - Branch already exists: remove-agent-TeachFirst
2024-12-27 11:33:09,676 - DEBUG - Starting new HTTPS connection (1): api.github.com:443
2024-12-27 11:33:10,237 - DEBUG - https://api.github.com:443 "POST /repos/albinJoseph1/lgbt-test/pulls HTTP/1.1" 422 269
2024-12-27 11:33:10,240 - ERROR - Failed to create pull request for remove-agent-TeachFirst: 422 - {'message': 'Validation Failed', 'errors': [{'resource': 'PullRequest', 'code': 'custom', 'message': 'A pull request already exists for albinJoseph1:remove-agent-TeachFirst.'}], 'documentation_url': 'https://docs.github.com/rest/pulls/pulls#create-a-pull-request', 'status': '422'}
2024-12-27 11:33:10,240 - ERROR - HTTP error while creating pull request: 422 Client Error: Unprocessable Entity for url: https://api.github.com/repos/albinJoseph1/lgbt-test/pulls
2024-12-27 11:33:14,534 - ERROR - Error in start function for company 'Teach First': 422 Client Error: Unprocessable Entity for url: https://api.github.com/repos/albinJoseph1/lgbt-test/pulls
2024-12-27 11:50:12,275 - INFO - Branch already exists: remove-agent-TeachFirst
2024-12-27 11:50:12,335 - DEBUG - Starting new HTTPS connection (1): api.github.com:443
2024-12-27 11:50:12,833 - DEBUG - https://api.github.com:443 "POST /app/installations/58506253/access_tokens HTTP/1.1" 201 217
2024-12-27 11:50:12,840 - DEBUG - Starting new HTTPS connection (1): api.github.com:443
2024-12-27 11:50:13,456 - DEBUG - https://api.github.com:443 "POST /repos/albinJoseph1/lgbt-test/pulls HTTP/1.1" 422 269
2024-12-27 11:50:13,457 - ERROR - Failed to create pull request for remove-agent-TeachFirst: 422 - {'message': 'Validation Failed', 'errors': [{'resource': 'PullRequest', 'code': 'custom', 'message': 'A pull request already exists for albinJoseph1:remove-agent-TeachFirst.'}], 'documentation_url': 'https://docs.github.com/rest/pulls/pulls#create-a-pull-request', 'status': '422'}
2024-12-27 11:50:13,457 - ERROR - Error creating pull request: Failed to create pull request for remove-agent-TeachFirst: 422 - {'message': 'Validation Failed', 'errors': [{'resource': 'PullRequest', 'code': 'custom', 'message': 'A pull request already exists for albinJoseph1:remove-agent-TeachFirst.'}], 'documentation_url': 'https://docs.github.com/rest/pulls/pulls#create-a-pull-request', 'status': '422'}
2024-12-27 11:50:13,457 - ERROR - Error in start function for company 'Teach First': Error creating pull request: Failed to create pull request for remove-agent-TeachFirst: 422 - {'message': 'Validation Failed', 'errors': [{'resource': 'PullRequest', 'code': 'custom', 'message': 'A pull request already exists for albinJoseph1:remove-agent-TeachFirst.'}], 'documentation_url': 'https://docs.github.com/rest/pulls/pulls#create-a-pull-request', 'status': '422'}
2024-12-27 11:50:42,066 - INFO - Branch already exists: remove-agent-TeachFirst
2024-12-27 11:50:42,212 - DEBUG - Starting new HTTPS connection (1): api.github.com:443
2024-12-27 11:50:42,624 - DEBUG - https://api.github.com:443 "POST /app/installations/58506253/access_tokens HTTP/1.1" 201 217
2024-12-27 11:51:03,486 - DEBUG - Starting new HTTPS connection (1): api.github.com:443
2024-12-27 11:51:04,066 - DEBUG - https://api.github.com:443 "POST /repos/albinJoseph1/lgbt-test/pulls HTTP/1.1" 422 269
2024-12-27 11:55:45,600 - INFO - Branch already exists: remove-agent-TeachFirst
2024-12-27 11:55:45,713 - DEBUG - Starting new HTTPS connection (1): api.github.com:443
2024-12-27 11:55:46,257 - DEBUG - https://api.github.com:443 "POST /app/installations/58506253/access_tokens HTTP/1.1" 201 217
2024-12-27 11:55:54,669 - DEBUG - Starting new HTTPS connection (1): api.github.com:443
2024-12-27 11:55:55,196 - DEBUG - https://api.github.com:443 "POST /repos/albinJoseph1/lgbt-test/pulls HTTP/1.1" 422 269
2024-12-27 11:56:01,614 - ERROR - Failed to create a pull request for 'remove-agent-TeachFirst': It seems the request might already exist. Please verify if a pull request for this branch has already been created.
2024-12-27 11:56:19,733 - ERROR - Error creating pull request: Failed to create a pull request for 'remove-agent-TeachFirst': It seems the request might already exist. Please verify if a pull request for this branch has already been created.
2024-12-27 11:56:25,335 - ERROR - Error in start function for company 'Teach First': Error creating pull request: Failed to create a pull request for 'remove-agent-TeachFirst': It seems the request might already exist. Please verify if a pull request for this branch has already been created.
2024-12-27 12:01:57,397 - ERROR - Companies directory not found: ./CompaniesZZZ
2024-12-27 12:02:10,814 - ERROR - Error in start function for company 'Teach First': Companies directory not found: ./CompaniesZZZ
2024-12-27 12:22:18,129 - DEBUG - Starting new HTTPS connection (1): api.github.com:443
2024-12-27 12:22:18,610 - DEBUG - https://api.github.com:443 "POST /app/installations/58506253/access_tokens HTTP/1.1" 201 217
2024-12-27 12:22:21,943 - INFO - Branch remove-agent-TeachFirst already exists.
2024-12-27 12:22:21,952 - DEBUG - Starting new HTTPS connection (1): api.github.com:443
2024-12-27 12:22:22,531 - DEBUG - https://api.github.com:443 "POST /repos/albinJoseph1/lgbt-test/pulls HTTP/1.1" 422 269
2024-12-27 12:22:22,532 - ERROR - Failed to create pull request for remove-agent-TeachFirst: 422 - {'message': 'Validation Failed', 'errors': [{'resource': 'PullRequest', 'code': 'custom', 'message': 'A pull request already exists for albinJoseph1:remove-agent-TeachFirst.'}], 'documentation_url': 'https://docs.github.com/rest/pulls/pulls#create-a-pull-request', 'status': '422'}
2024-12-27 12:22:54,473 - DEBUG - Starting new HTTPS connection (1): api.github.com:443
2024-12-27 12:22:54,953 - DEBUG - https://api.github.com:443 "POST /app/installations/58506253/access_tokens HTTP/1.1" 201 217
2024-12-27 12:22:56,797 - INFO - Branch remove-agent-TeachFirst already exists.
2024-12-27 12:22:56,805 - DEBUG - Starting new HTTPS connection (1): api.github.com:443
2024-12-27 12:22:57,368 - DEBUG - https://api.github.com:443 "POST /repos/albinJoseph1/lgbt-test/pulls HTTP/1.1" 422 269
2024-12-27 12:23:05,072 - ERROR - Failed to create pull request for remove-agent-TeachFirst: 422 - {'message': 'Validation Failed', 'errors': [{'resource': 'PullRequest', 'code': 'custom', 'message': 'A pull request already exists for albinJoseph1:remove-agent-TeachFirst.'}], 'documentation_url': 'https://docs.github.com/rest/pulls/pulls#create-a-pull-request', 'status': '422'}
2024-12-27 13:53:36,434 - DEBUG - Starting new HTTPS connection (1): api.github.com:443
2024-12-27 13:53:36,892 - DEBUG - https://api.github.com:443 "POST /app/installations/58506253/access_tokens HTTP/1.1" 201 217
2024-12-27 13:53:39,746 - INFO - Branch remove-agent-TeachFirst already exists.
2024-12-27 13:53:39,748 - DEBUG - Starting new HTTPS connection (1): api.github.com:443
2024-12-27 13:53:40,349 - DEBUG - https://api.github.com:443 "POST /repos/albinJoseph1/lgbt-test/pulls HTTP/1.1" 422 269
2024-12-27 14:01:33,514 - DEBUG - Starting new HTTPS connection (1): api.github.com:443
2024-12-27 14:01:33,968 - DEBUG - https://api.github.com:443 "POST /app/installations/58506253/access_tokens HTTP/1.1" 201 217
2024-12-27 14:01:44,867 - INFO - Branch remove-agent-TeachFirst already exists.
2024-12-27 14:01:44,874 - DEBUG - Starting new HTTPS connection (1): api.github.com:443
2024-12-27 14:01:45,433 - DEBUG - https://api.github.com:443 "POST /repos/albinJoseph1/lgbt-test/pulls HTTP/1.1" 422 269
2024-12-27 14:01:53,568 - ERROR - Failed to create pull request for remove-agent-TeachFirst: 422 - {'message': 'Validation Failed', 'errors': [{'resource': 'PullRequest', 'code': 'custom', 'message': 'A pull request already exists for albinJoseph1:remove-agent-TeachFirst.'}], 'documentation_url': 'https://docs.github.com/rest/pulls/pulls#create-a-pull-request', 'status': '422'}
2024-12-27 14:02:52,249 - DEBUG - Starting new HTTPS connection (1): api.github.com:443
2024-12-27 14:02:52,729 - DEBUG - https://api.github.com:443 "POST /app/installations/58506253/access_tokens HTTP/1.1" 201 217
2024-12-27 14:13:15,158 - DEBUG - Starting new HTTPS connection (1): api.github.com:443
2024-12-27 14:13:15,674 - DEBUG - https://api.github.com:443 "POST /app/installations/58506253/access_tokens HTTP/1.1" 201 217
2024-12-27 14:13:15,689 - INFO - Branch remove-agent-TeachFirst already exists.
2024-12-27 14:13:15,692 - DEBUG - Starting new HTTPS connection (1): api.github.com:443
2024-12-27 14:13:16,240 - DEBUG - https://api.github.com:443 "POST /repos/albinJoseph1/lgbt-test/pulls HTTP/1.1" 422 269
2024-12-27 14:13:16,241 - ERROR - Failed to create pull request for remove-agent-TeachFirst: 422 - {'message': 'Validation Failed', 'errors': [{'resource': 'PullRequest', 'code': 'custom', 'message': 'A pull request already exists for albinJoseph1:remove-agent-TeachFirst.'}], 'documentation_url': 'https://docs.github.com/rest/pulls/pulls#create-a-pull-request', 'status': '422'}
 Please verify if a pull request for this branch has already been created. 
2024-12-27 14:13:30,910 - DEBUG - Starting new HTTPS connection (1): api.github.com:443
2024-12-27 14:13:31,394 - DEBUG - https://api.github.com:443 "POST /app/installations/58506253/access_tokens HTTP/1.1" 201 217
2024-12-27 14:13:33,178 - INFO - Branch remove-agent-TeachFirst already exists.
2024-12-27 14:13:33,186 - DEBUG - Starting new HTTPS connection (1): api.github.com:443
2024-12-27 14:13:33,748 - DEBUG - https://api.github.com:443 "POST /repos/albinJoseph1/lgbt-test/pulls HTTP/1.1" 422 269
2024-12-27 14:13:36,800 - ERROR - Failed to create pull request for remove-agent-TeachFirst: 422 - {'message': 'Validation Failed', 'errors': [{'resource': 'PullRequest', 'code': 'custom', 'message': 'A pull request already exists for albinJoseph1:remove-agent-TeachFirst.'}], 'documentation_url': 'https://docs.github.com/rest/pulls/pulls#create-a-pull-request', 'status': '422'}
 Please verify if a pull request for this branch has already been created. 
2024-12-27 14:18:14,525 - DEBUG - Starting new HTTPS connection (1): api.github.com:443
2024-12-27 14:18:15,070 - DEBUG - https://api.github.com:443 "POST /app/installations/58506253/access_tokens HTTP/1.1" 201 217
2024-12-27 14:38:59,244 - DEBUG - Starting new HTTPS connection (1): api.github.com:443
2024-12-27 14:38:59,741 - DEBUG - https://api.github.com:443 "POST /app/installations/58506253/access_tokens HTTP/1.1" 201 217
2024-12-27 14:39:01,448 - INFO - Branch remove-agent-TeachFirst already exists.
2024-12-27 14:39:01,454 - DEBUG - Starting new HTTPS connection (1): api.github.com:443
2024-12-27 14:39:02,004 - DEBUG - https://api.github.com:443 "POST /repos/albinJoseph1/lgbt-test/pulls HTTP/1.1" 422 269
2024-12-27 14:39:02,901 - ERROR - Failed to create pull request for remove-agent-TeachFirst: 422 - {'message': 'Validation Failed', 'errors': [{'resource': 'PullRequest', 'code': 'custom', 'message': 'A pull request already exists for albinJoseph1:remove-agent-TeachFirst.'}], 'documentation_url': 'https://docs.github.com/rest/pulls/pulls#create-a-pull-request', 'status': '422'}
 Please verify if a pull request for this branch has already been created. 
2024-12-27 14:39:28,573 - DEBUG - Starting new HTTPS connection (1): api.github.com:443
2024-12-27 14:39:29,009 - DEBUG - https://api.github.com:443 "POST /app/installations/58506253/access_tokens HTTP/1.1" 201 217
2024-12-27 14:39:29,023 - INFO - Branch remove-agent-TeachFirst already exists.
2024-12-27 14:39:29,024 - DEBUG - Starting new HTTPS connection (1): api.github.com:443
2024-12-27 14:39:29,620 - DEBUG - https://api.github.com:443 "POST /repos/albinJoseph1/lgbt-test/pulls HTTP/1.1" 422 269
2024-12-27 14:39:29,621 - ERROR - Failed to create pull request for remove-agent-TeachFirst: 422 - {'message': 'Validation Failed', 'errors': [{'resource': 'PullRequest', 'code': 'custom', 'message': 'A pull request already exists for albinJoseph1:remove-agent-TeachFirst.'}], 'documentation_url': 'https://docs.github.com/rest/pulls/pulls#create-a-pull-request', 'status': '422'}
 Please verify if a pull request for this branch has already been created. 
2024-12-27 14:40:13,303 - DEBUG - Starting new HTTPS connection (1): api.github.com:443
2024-12-27 14:40:13,773 - DEBUG - https://api.github.com:443 "POST /app/installations/58506253/access_tokens HTTP/1.1" 201 217
2024-12-27 14:40:13,793 - INFO - Branch remove-agent-ThePremierLeague already exists.
2024-12-27 14:40:13,796 - DEBUG - Starting new HTTPS connection (1): api.github.com:443
2024-12-27 14:40:14,377 - DEBUG - https://api.github.com:443 "POST /repos/albinJoseph1/lgbt-test/pulls HTTP/1.1" 422 275
2024-12-27 14:40:14,379 - ERROR - Failed to create pull request for remove-agent-ThePremierLeague: 422 - {'message': 'Validation Failed', 'errors': [{'resource': 'PullRequest', 'code': 'custom', 'message': 'A pull request already exists for albinJoseph1:remove-agent-ThePremierLeague.'}], 'documentation_url': 'https://docs.github.com/rest/pulls/pulls#create-a-pull-request', 'status': '422'}
 Please verify if a pull request for this branch has already been created. 
2024-12-27 14:40:45,237 - DEBUG - Starting new HTTPS connection (1): api.github.com:443
2024-12-27 14:40:45,664 - DEBUG - https://api.github.com:443 "POST /app/installations/58506253/access_tokens HTTP/1.1" 201 217
2024-12-27 14:40:53,303 - INFO - Successfully processed company BakerMcKenzie.
2024-12-27 14:40:53,306 - DEBUG - Starting new HTTPS connection (1): api.github.com:443
2024-12-27 14:40:56,960 - DEBUG - https://api.github.com:443 "POST /repos/albinJoseph1/lgbt-test/pulls HTTP/1.1" 201 15858
2024-12-27 14:40:56,988 - INFO - Pull request created for remove-agent-BakerMcKenzie.
